0001_0009_0046_0038_0103.jpg 1 9 46 38 103
0002_0003_0050_0032_0089.jpg 1 3 50 32 89
0003_0010_0059_0037_0103.jpg 1 10 59 37 103
0004_0026_0035_0030_0083.jpg 1 26 35 30 83
0005_0010_0082_0031_0086.jpg 1 10 82 31 86
0006_0009_0060_0031_0085.jpg 1 9 60 31 85
0007_0005_0027_0034_0093.jpg 1 5 27 34 93
0008_0011_0083_0031_0085.jpg 1 11 83 31 85
0009_0007_0057_0041_0112.jpg 1 7 57 41 112
0010_0014_0047_0034_0094.jpg 1 14 47 34 94
0011_0008_0073_0031_0085.jpg 1 8 73 31 85
0012_0012_0050_0037_0103.jpg 1 12 50 37 103
0013_0013_0024_0033_0092.jpg 1 13 24 33 92
0014_0011_0025_0039_0108.jpg 1 11 25 39 108
0015_0013_0073_0033_0091.jpg 1 13 73 33 91
0016_0020_0033_0034_0093.jpg 1 20 33 34 93
0017_0005_0053_0035_0096.jpg 1 5 53 35 96
0018_0004_0071_0034_0093.jpg 1 4 71 34 93
0019_0004_0058_0041_0112.jpg 1 4 58 41 112
0020_0010_0039_0041_0112.jpg 1 10 39 41 112
0021_0006_0023_0041_0114.jpg 1 6 23 41 114
0022_0014_0069_0036_0099.jpg 1 14 69 36 99
0023_0009_0078_0032_0088.jpg 1 9 78 32 88
0024_0003_0062_0038_0104.jpg 1 3 62 38 104
0025_0005_0047_0038_0104.jpg 1 5 47 38 104
0026_0011_0060_0040_0112.jpg 1 11 60 40 112
0027_0010_0037_0041_0113.jpg 1 10 37 41 113
0028_0003_0012_0040_0109.jpg 1 3 12 40 109
0029_0016_0050_0032_0088.jpg 1 16 50 32 88
0030_0018_0013_0034_0095.jpg 1 18 13 34 95
0031_0013_0013_0039_0107.jpg 1 13 13 39 107
0032_0016_0057_0037_0103.jpg 1 16 57 37 103
0033_0021_0062_0031_0086.jpg 1 21 62 31 86
0034_0012_0059_0031_0086.jpg 1 12 59 31 86
0035_0016_0050_0036_0100.jpg 1 16 50 36 100
0036_0003_0043_0030_0084.jpg 1 3 43 30 84
0037_0019_0051_0035_0096.jpg 1 19 51 35 96
0038_0012_0062_0031_0085.jpg 1 12 62 31 85
0039_0005_0072_0035_0096.jpg 1 5 72 35 96
0040_0018_0032_0036_0101.jpg 1 18 32 36 101
0041_0016_0043_0035_0098.jpg 1 16 43 35 98
0042_0019_0057_0033_0092.jpg 1 19 57 33 92
0043_0004_0015_0037_0102.jpg 1 4 15 37 102
0044_0002_0012_0035_0096.jpg 1 2 12 35 96
0045_0007_0035_0038_0104.jpg 1 7 35 38 104
0046_0015_0054_0035_0097.jpg 1 15 54 35 97
0047_0007_0030_0035_0097.jpg 1 7 30 35 97
0048_0013_0052_0030_0082.jpg 1 13 52 30 82
0049_0011_0054_0035_0097.jpg 1 11 54 35 97
0050_0008_0052_0041_0113.jpg 1 8 52 41 113
0051_0003_0043_0039_0108.jpg 1 3 43 39 108
0052_0025_0073_0031_0086.jpg 1 25 73 31 86
0053_0009_0044_0032_0088.jpg 1 9 44 32 88
0054_0018_0014_0038_0105.jpg 1 18 14 38 105
0055_0020_0014_0037_0102.jpg 1 20 14 37 102
0056_0017_0023_0040_0111.jpg 1 17 23 40 111
0057_0021_0023_0033_0092.jpg 1 21 23 33 92
0058_0011_0028_0037_0103.jpg 1 11 28 37 103
0059_0018_0013_0038_0106.jpg 1 18 13 38 106
0060_0005_0027_0032_0088.jpg 1 5 27 32 88
0061_0005_0037_0038_0104.jpg 1 5 37 38 104
0062_0012_0036_0037_0101.jpg 1 12 36 37 101
0063_0004_0016_0035_0098.jpg 1 4 16 35 98
0064_0023_0011_0031_0086.jpg 1 23 11 31 86
0065_0010_0079_0032_0087.jpg 1 10 79 32 87
0066_0005_0051_0033_0091.jpg 1 5 51 33 91
0067_0021_0065_0034_0095.jpg 1 21 65 34 95
0068_0007_0080_0031_0086.jpg 1 7 80 31 86
0069_0007_0046_0031_0085.jpg 1 7 46 31 85
0070_0004_0053_0034_0093.jpg 1 4 53 34 93
0071_0011_0047_0035_0097.jpg 1 11 47 35 97
0072_0017_0073_0033_0092.jpg 1 17 73 33 92
0073_0007_0032_0040_0110.jpg 1 7 32 40 110
0074_0020_0038_0030_0083.jpg 1 20 38 30 83
0075_0015_0027_0031_0086.jpg 1 15 27 31 86
0076_0018_0015_0039_0107.jpg 1 18 15 39 107
0077_0019_0015_0030_0083.jpg 1 19 15 30 83
0078_0010_0034_0037_0102.jpg 1 10 34 37 102
0079_0018_0022_0037_0101.jpg 1 18 22 37 101
0080_0014_0025_0040_0109.jpg 1 14 25 40 109
0081_0008_0008_0037_0103.jpg 1 8 8 37 103
0082_0023_0010_0031_0087.jpg 1 23 10 31 87
0083_0011_0020_0035_0098.jpg 1 11 20 35 98
0084_0014_0049_0039_0107.jpg 1 14 49 39 107
0085_0012_0034_0038_0104.jpg 1 12 34 38 104
0086_0002_0017_0041_0114.jpg 1 2 17 41 114
0087_0005_0009_0041_0112.jpg 1 5 9 41 112
0088_0013_0015_0039_0106.jpg 1 13 15 39 106
0089_0013_0047_0037_0103.jpg 1 13 47 37 103
0090_0006_0016_0036_0098.jpg 1 6 16 36 98
0091_0014_0055_0040_0111.jpg 1 14 55 40 111
0092_0021_0037_0035_0096.jpg 1 21 37 35 96
0093_0007_0066_0031_0085.jpg 1 7 66 31 85
0094_0014_0047_0041_0112.jpg 1 14 47 41 112
0095_0007_0063_0030_0083.jpg 1 7 63 30 83
0096_0008_0047_0040_0111.jpg 1 8 47 40 111
0097_0014_0043_0035_0098.jpg 1 14 43 35 98
0098_0009_0034_0038_0105.jpg 1 9 34 38 105
0099_0011_0066_0035_0097.jpg 1 11 66 35 97
0100_0007_0010_0031_0085.jpg 1 7 10 31 85
0101_0015_0040_0034_0095.jpg 1 15 40 34 95
0102_0013_0067_0034_0094.jpg 1 13 67 34 94
0103_0009_0067_0037_0103.jpg 1 9 67 37 103
0104_0016_0032_0038_0104.jpg 1 16 32 38 104
0105_0006_0034_0037_0103.jpg 1 6 34 37 103
0106_0012_0053_0031_0087.jpg 1 12 53 31 87
0107_0020_0060_0035_0096.jpg 1 20 60 35 96
0108_0015_0009_0037_0102.jpg 1 15 9 37 102
0109_0014_0017_0037_0103.jpg 1 14 17 37 103
0110_0004_0020_0041_0112.jpg 1 4 20 41 112
0111_0019_0072_0035_0097.jpg 1 19 72 35 97
0112_0013_0047_0034_0095.jpg 1 13 47 34 95
0113_0009_0029_0038_0106.jpg 1 9 29 38 106
0114_0008_0017_0041_0114.jpg 1 8 17 41 114
0115_0019_0050_0033_0092.jpg 1 19 50 33 92
0116_0026_0053_0030_0084.jpg 1 26 53 30 84
0117_0009_0020_0033_0092.jpg 1 9 20 33 92
0118_0007_0046_0040_0109.jpg 1 7 46 40 109
0119_0015_0059_0036_0098.jpg 1 15 59 36 98
0120_0007_0022_0037_0102.jpg 1 7 22 37 102
0121_0011_0044_0030_0082.jpg 1 11 44 30 82
0122_0024_0023_0032_0089.jpg 1 24 23 32 89
0123_0014_0049_0031_0085.jpg 1 14 49 31 85
0124_0018_0059_0031_0086.jpg 1 18 59 31 86
0125_0016_0020_0041_0113.jpg 1 16 20 41 113
0126_0011_0050_0036_0098.jpg 1 11 50 36 98
0127_0023_0021_0033_0092.jpg 1 23 21 33 92
0128_0010_0070_0032_0087.jpg 1 10 70 32 87
0129_0015_0040_0041_0114.jpg 1 15 40 41 114
0130_0019_0030_0034_0094.jpg 1 19 30 34 94
0131_0018_0040_0039_0108.jpg 1 18 40 39 108
0132_0022_0047_0034_0094.jpg 1 22 47 34 94
0133_0016_0055_0031_0086.jpg 1 16 55 31 86
0134_0004_0009_0033_0090.jpg 1 4 9 33 90
0135_0011_0058_0040_0110.jpg 1 11 58 40 110
0136_0008_0024_0036_0099.jpg 1 8 24 36 99
0137_0016_0050_0040_0112.jpg 1 16 50 40 112
0138_0015_0034_0036_0099.jpg 1 15 34 36 99
0139_0011_0061_0038_0105.jpg 1 11 61 38 105
0140_0018_0031_0036_0100.jpg 1 18 31 36 100
0141_0016_0029_0034_0094.jpg 1 16 29 34 94
0142_0017_0055_0031_0086.jpg 1 17 55 31 86
0143_0005_0075_0030_0084.jpg 1 5 75 30 84
0144_0020_0034_0034_0093.jpg 1 20 34 34 93
0145_0005_0048_0039_0108.jpg 1 5 48 39 108
0146_0016_0039_0032_0088.jpg 1 16 39 32 88
0147_0014_0022_0034_0095.jpg 1 14 22 34 95
0148_0008_0068_0037_0102.jpg 1 8 68 37 102
0149_0011_0082_0030_0083.jpg 1 11 82 30 83
0150_0011_0057_0034_0094.jpg 1 11 57 34 94
0151_0004_0044_0034_0093.jpg 1 4 44 34 93
0152_0020_0064_0034_0093.jpg 1 20 64 34 93
0153_0010_0060_0038_0106.jpg 1 10 60 38 106
0154_0008_0051_0040_0111.jpg 1 8 51 40 111
0155_0015_0070_0030_0082.jpg 1 15 70 30 82
0156_0010_0027_0035_0096.jpg 1 10 27 35 96
0157_0018_0032_0031_0085.jpg 1 18 32 31 85
0158_0011_0084_0031_0086.jpg 1 11 84 31 86
0159_0005_0062_0036_0099.jpg 1 5 62 36 99
0160_0016_0038_0034_0095.jpg 1 16 38 34 95
0161_0007_0031_0041_0112.jpg 1 7 31 41 112
0162_0004_0021_0033_0091.jpg 1 4 21 33 91
0163_0011_0056_0041_0114.jpg 1 11 56 41 114
0164_0003_0041_0031_0085.jpg 1 3 41 31 85
0165_0010_0040_0040_0109.jpg 1 10 40 40 109
0166_0008_0075_0034_0095.jpg 1 8 75 34 95
0167_0016_0020_0041_0112.jpg 1 16 20 41 112
0168_0004_0020_0039_0109.jpg 1 4 20 39 109
0169_0012_0071_0033_0091.jpg 1 12 71 33 91
0170_0005_0026_0032_0088.jpg 1 5 26 32 88
0171_0019_0076_0032_0090.jpg 1 19 76 32 90
0172_0013_0017_0039_0107.jpg 1 13 17 39 107
0173_0020_0049_0031_0084.jpg 1 20 49 31 84
0174_0018_0014_0039_0107.jpg 1 18 14 39 107
0175_0018_0065_0032_0087.jpg 1 18 65 32 87
0176_0009_0034_0032_0089.jpg 1 9 34 32 89
0177_0016_0016_0033_0090.jpg 1 16 16 33 90
0178_0005_0071_0036_0099.jpg 1 5 71 36 99
0179_0020_0010_0036_0099.jpg 1 20 10 36 99
0180_0015_0047_0034_0094.jpg 1 15 47 34 94
0181_0003_0044_0031_0085.jpg 1 3 44 31 85
0182_0012_0019_0035_0096.jpg 1 12 19 35 96
0183_0010_0058_0037_0102.jpg 1 10 58 37 102
0184_0007_0019_0039_0107.jpg 1 7 19 39 107
0185_0010_0049_0041_0112.jpg 1 10 49 41 112
0186_0020_0049_0035_0095.jpg 1 20 49 35 95
0187_0009_0059_0035_0097.jpg 1 9 59 35 97
0188_0013_0065_0038_0105.jpg 1 13 65 38 105
0189_0008_0043_0037_0103.jpg 1 8 43 37 103
0190_0002_0040_0031_0084.jpg 1 2 40 31 84
0191_0023_0064_0033_0091.jpg 1 23 64 33 91
0192_0013_0038_0032_0090.jpg 1 13 38 32 90
0193_0002_0034_0037_0103.jpg 1 2 34 37 103
0194_0012_0039_0041_0114.jpg 1 12 39 41 114
0195_0022_0038_0031_0084.jpg 1 22 38 31 84
0196_0022_0029_0035_0095.jpg 1 22 29 35 95
0197_0006_0025_0040_0110.jpg 1 6 25 40 110
0198_0016_0034_0030_0084.jpg 1 16 34 30 84
0199_0006_0032_0035_0096.jpg 1 6 32 35 96
0200_0008_0035_0036_0098.jpg 1 8 35 36 98
0201_0012_0057_0040_0110.jpg 1 12 57 40 110
0202_0014_0017_0039_0106.jpg 1 14 17 39 106
0203_0017_0024_0038_0105.jpg 1 17 24 38 105
0204_0007_0011_0034_0094.jpg 1 7 11 34 94
0205_0003_0019_0041_0113.jpg 1 3 19 41 113
0206_0014_0009_0034_0092.jpg 1 14 9 34 92
0207_0007_0017_0031_0085.jpg 1 7 17 31 85
0208_0012_0029_0038_0105.jpg 1 12 29 38 105
0209_0013_0040_0037_0102.jpg 1 13 40 37 102
0210_0018_0074_0034_0094.jpg 1 18 74 34 94
0211_0017_0039_0038_0104.jpg 1 17 39 38 104
0212_0010_0044_0033_0090.jpg 1 10 44 33 90
0213_0017_0064_0035_0096.jpg 1 17 64 35 96
0214_0014_0017_0039_0109.jpg 1 14 17 39 109
0215_0020_0058_0033_0090.jpg 1 20 58 33 90
0216_0007_0023_0037_0101.jpg 1 7 23 37 101
0217_0003_0072_0030_0082.jpg 1 3 72 30 82
0218_0011_0039_0041_0113.jpg 1 11 39 41 113
0219_0025_0020_0031_0086.jpg 1 25 20 31 86
0220_0009_0014_0038_0105.jpg 1 9 14 38 105
0221_0009_0021_0033_0091.jpg 1 9 21 33 91
0222_0018_0018_0037_0103.jpg 1 18 18 37 103
0223_0005_0018_0038_0104.jpg 1 5 18 38 104
0224_0007_0034_0037_0102.jpg 1 7 34 37 102
0225_0006_0061_0032_0089.jpg 1 6 61 32 89
0226_0015_0018_0039_0106.jpg 1 15 18 39 106
0227_0005_0027_0030_0084.jpg 1 5 27 30 84
0228_0017_0071_0030_0084.jpg 1 17 71 30 84
0229_0022_0075_0034_0094.jpg 1 22 75 34 94
0230_0021_0045_0030_0084.jpg 1 21 45 30 84
0231_0022_0032_0031_0086.jpg 1 22 32 31 86
0232_0013_0052_0038_0104.jpg 1 13 52 38 104
0233_0019_0020_0030_0084.jpg 1 19 20 30 84
0234_0002_0008_0037_0101.jpg 1 2 8 37 101
0235_0005_0046_0031_0085.jpg 1 5 46 31 85
0236_0012_0042_0041_0112.jpg 1 12 42 41 112
0237_0003_0040_0033_0092.jpg 1 3 40 33 92
0238_0013_0065_0035_0096.jpg 1 13 65 35 96
0239_0006_0052_0033_0091.jpg 1 6 52 33 91
0240_0005_0060_0038_0104.jpg 1 5 60 38 104
0241_0008_0060_0034_0094.jpg 1 8 60 34 94
0242_0014_0055_0039_0106.jpg 1 14 55 39 106
0243_0018_0041_0030_0084.jpg 1 18 41 30 84
0244_0010_0020_0041_0114.jpg 1 10 20 41 114
0245_0002_0028_0039_0108.jpg 1 2 28 39 108
0246_0004_0056_0035_0098.jpg 1 4 56 35 98
0247_0018_0018_0031_0085.jpg 1 18 18 31 85
0248_0013_0027_0040_0109.jpg 1 13 27 40 109
0249_0017_0045_0039_0109.jpg 1 17 45 39 109
0250_0006_0024_0039_0106.jpg 1 6 24 39 106
0251_0008_0069_0035_0097.jpg 1 8 69 35 97
0252_0002_0043_0040_0111.jpg 1 2 43 40 111
0253_0005_0028_0041_0113.jpg 1 5 28 41 113
0254_0002_0059_0035_0096.jpg 1 2 59 35 96
0255_0014_0051_0031_0085.jpg 1 14 51 31 85
0256_0003_0041_0041_0113.jpg 1 3 41 41 113
0257_0003_0018_0041_0113.jpg 1 3 18 41 113
0258_0009_0056_0036_0099.jpg 1 9 56 36 99
0259_0014_0050_0034_0094.jpg 1 14 50 34 94
0260_0010_0019_0041_0114.jpg 1 10 19 41 114
0261_0016_0019_0036_0099.jpg 1 16 19 36 99
0262_0005_0013_0031_0084.jpg 1 5 13 31 84
0263_0010_0013_0040_0111.jpg 1 10 13 40 111
0264_0015_0016_0038_0105.jpg 1 15 16 38 105
0265_0023_0018_0032_0088.jpg 1 23 18 32 88
0266_0021_0028_0034_0093.jpg 1 21 28 34 93
0267_0005_0018_0040_0111.jpg 1 5 18 40 111
0268_0005_0018_0035_0098.jpg 1 5 18 35 98
0269_0011_0041_0041_0114.jpg 1 11 41 41 114
0270_0005_0043_0031_0086.jpg 1 5 43 31 86
0271_0009_0029_0031_0085.jpg 1 9 29 31 85
0272_0016_0051_0031_0086.jpg 1 16 51 31 86
0273_0017_0041_0034_0092.jpg 1 17 41 34 92
0274_0004_0024_0039_0107.jpg 1 4 24 39 107
0275_0018_0065_0033_0092.jpg 1 18 65 33 92
0276_0005_0067_0035_0096.jpg 1 5 67 35 96
0277_0019_0072_0036_0099.jpg 1 19 72 36 99
0278_0010_0013_0033_0092.jpg 1 10 13 33 92
0279_0019_0030_0037_0102.jpg 1 19 30 37 102
0280_0021_0027_0031_0086.jpg 1 21 27 31 86
0281_0012_0040_0031_0086.jpg 1 12 40 31 86
0282_0015_0010_0040_0111.jpg 1 15 10 40 111
0283_0006_0077_0034_0094.jpg 1 6 77 34 94
0284_0018_0012_0035_0097.jpg 1 18 12 35 97
0285_0010_0011_0035_0096.jpg 1 10 11 35 96
0286_0014_0020_0032_0089.jpg 1 14 20 32 89
0287_0003_0015_0040_0110.jpg 1 3 15 40 110
0288_0002_0031_0041_0112.jpg 1 2 31 41 112
0289_0009_0040_0039_0109.jpg 1 9 40 39 109
0290_0018_0060_0033_0091.jpg 1 18 60 33 91
0291_0011_0060_0036_0100.jpg 1 11 60 36 100
0292_0007_0058_0041_0113.jpg 1 7 58 41 113
0293_0013_0073_0031_0086.jpg 1 13 73 31 86
0294_0012_0050_0038_0106.jpg 1 12 50 38 106
0295_0023_0040_0033_0091.jpg 1 23 40 33 91
0296_0008_0037_0037_0103.jpg 1 8 37 37 103
0297_0011_0062_0036_0098.jpg 1 11 62 36 98
0298_0010_0068_0030_0083.jpg 1 10 68 30 83
0299_0022_0034_0035_0097.jpg 1 22 34 35 97
0300_0011_0078_0032_0089.jpg 1 11 78 32 89
0301_0013_0051_0041_0113.jpg 1 13 51 41 113
0302_0015_0061_0040_0109.jpg 1 15 61 40 109
0303_0011_0067_0036_0099.jpg 1 11 67 36 99
0304_0019_0034_0032_0088.jpg 1 19 34 32 88
0305_0008_0046_0031_0085.jpg 1 8 46 31 85
0306_0018_0063_0038_0104.jpg 1 18 63 38 104
0307_0016_0046_0037_0102.jpg 1 16 46 37 102
0308_0009_0042_0037_0101.jpg 1 9 42 37 101
0309_0010_0072_0032_0089.jpg 1 10 72 32 89
0310_0007_0029_0032_0088.jpg 1 7 29 32 88
0311_0005_0021_0035_0096.jpg 1 5 21 35 96
0312_0018_0010_0035_0097.jpg 1 18 10 35 97
0313_0016_0040_0039_0107.jpg 1 16 40 39 107
0314_0007_0058_0040_0109.jpg 1 7 58 40 109
0315_0007_0065_0033_0092.jpg 1 7 65 33 92
0316_0005_0076_0033_0090.jpg 1 5 76 33 90
0317_0006_0047_0038_0106.jpg 1 6 47 38 106
0318_0003_0051_0034_0093.jpg 1 3 51 34 93
0319_0007_0040_0037_0101.jpg 1 7 40 37 101
0320_0009_0014_0036_0100.jpg 1 9 14 36 100
0321_0019_0032_0037_0103.jpg 1 19 32 37 103
0322_0018_0039_0035_0096.jpg 1 18 39 35 96
0323_0007_0014_0030_0083.jpg 1 7 14 30 83
0324_0017_0076_0032_0089.jpg 1 17 76 32 89
0325_0015_0056_0034_0093.jpg 1 15 56 34 93
0326_0009_0061_0035_0095.jpg 1 9 61 35 95
0327_0010_0022_0035_0097.jpg 1 10 22 35 97
0328_0021_0045_0032_0088.jpg 1 21 45 32 88
0329_0015_0032_0033_0092.jpg 1 15 32 33 92
0330_0018_0021_0039_0107.jpg 1 18 21 39 107
0331_0006_0011_0041_0112.jpg 1 6 11 41 112
0332_0004_0030_0036_0099.jpg 1 4 30 36 99
0333_0004_0058_0040_0109.jpg 1 4 58 40 109
0334_0016_0039_0038_0106.jpg 1 16 39 38 106
0335_0007_0025_0038_0106.jpg 1 7 25 38 106
0336_0007_0010_0032_0089.jpg 1 7 10 32 89
0337_0007_0065_0039_0107.jpg 1 7 65 39 107
0338_0006_0021_0030_0084.jpg 1 6 21 30 84
0339_0020_0037_0034_0093.jpg 1 20 37 34 93
0340_0018_0033_0030_0082.jpg 1 18 33 30 82
0341_0003_0046_0033_0091.jpg 1 3 46 33 91
0342_0006_0054_0030_0083.jpg 1 6 54 30 83
0343_0018_0017_0035_0097.jpg 1 18 17 35 97
0344_0005_0066_0031_0086.jpg 1 5 66 31 86
0345_0019_0044_0038_0103.jpg 1 19 44 38 103
0346_0014_0053_0032_0089.jpg 1 14 53 32 89
0347_0003_0017_0032_0088.jpg 1 3 17 32 88
0348_0011_0036_0040_0111.jpg 1 11 36 40 111
0349_0003_0052_0041_0113.jpg 1 3 52 41 113
0350_0003_0014_0037_0103.jpg 1 3 14 37 103
0351_0011_0068_0033_0090.jpg 1 11 68 33 90
0352_0008_0069_0031_0085.jpg 1 8 69 31 85
0353_0020_0030_0032_0090.jpg 1 20 30 32 90
0354_0016_0065_0036_0100.jpg 1 16 65 36 100
0355_0013_0050_0032_0088.jpg 1 13 50 32 88
0356_0010_0056_0036_0100.jpg 1 10 56 36 100
0357_0016_0018_0041_0114.jpg 1 16 18 41 114
0358_0003_0072_0035_0098.jpg 1 3 72 35 98
0359_0024_0037_0032_0088.jpg 1 24 37 32 88
0360_0011_0062_0033_0092.jpg 1 11 62 33 92
0361_0006_0041_0038_0105.jpg 1 6 41 38 105
0362_0007_0012_0040_0110.jpg 1 7 12 40 110
0363_0016_0045_0037_0102.jpg 1 16 45 37 102
0364_0006_0054_0036_0099.jpg 1 6 54 36 99
0365_0006_0038_0041_0114.jpg 1 6 38 41 114
0366_0011_0025_0036_0098.jpg 1 11 25 36 98
0367_0018_0068_0030_0083.jpg 1 18 68 30 83
0368_0014_0049_0037_0102.jpg 1 14 49 37 102
0369_0012_0044_0036_0098.jpg 1 12 44 36 98
0370_0017_0086_0030_0082.jpg 1 17 86 30 82
0371_0015_0059_0041_0114.jpg 1 15 59 41 114
0372_0010_0051_0032_0089.jpg 1 10 51 32 89
0373_0006_0045_0031_0086.jpg 1 6 45 31 86
0374_0013_0049_0040_0111.jpg 1 13 49 40 111
0375_0006_0040_0033_0090.jpg 1 6 40 33 90
0376_0015_0057_0038_0104.jpg 1 15 57 38 104
0377_0016_0007_0041_0113.jpg 1 16 7 41 113
0378_0023_0009_0030_0083.jpg 1 23 9 30 83
0379_0014_0028_0032_0088.jpg 1 14 28 32 88
0380_0005_0045_0040_0110.jpg 1 5 45 40 110
0381_0013_0025_0030_0082.jpg 1 13 25 30 82
0382_0012_0041_0037_0103.jpg 1 12 41 37 103
0383_0004_0056_0033_0092.jpg 1 4 56 33 92
0384_0004_0021_0031_0085.jpg 1 4 21 31 85
0385_0018_0010_0030_0084.jpg 1 18 10 30 84
0386_0010_0018_0030_0082.jpg 1 10 18 30 82
0387_0009_0065_0034_0094.jpg 1 9 65 34 94
0388_0026_0057_0030_0082.jpg 1 26 57 30 82
0389_0014_0024_0040_0110.jpg 1 14 24 40 110
0390_0004_0010_0032_0088.jpg 1 4 10 32 88
0391_0002_0037_0038_0105.jpg 1 2 37 38 105
0392_0006_0045_0037_0101.jpg 1 6 45 37 101
0393_0016_0050_0030_0084.jpg 1 16 50 30 84
0394_0014_0039_0040_0111.jpg 1 14 39 40 111
0395_0007_0077_0032_0088.jpg 1 7 77 32 88
0396_0019_0014_0035_0095.jpg 1 19 14 35 95
0397_0015_0024_0041_0112.jpg 1 15 24 41 112
0398_0012_0037_0041_0113.jpg 1 12 37 41 113
0399_0003_0037_0032_0088.jpg 1 3 37 32 88
0400_0016_0071_0035_0097.jpg 1 16 71 35 97
0401_0004_0039_0036_0098.jpg 1 4 39 36 98
0402_0011_0064_0031_0085.jpg 1 11 64 31 85
0403_0016_0054_0040_0111.jpg 1 16 54 40 111
0404_0007_0041_0039_0109.jpg 1 7 41 39 109
0405_0026_0011_0030_0083.jpg 1 26 11 30 83
0406_0006_0019_0041_0113.jpg 1 6 19 41 113
0407_0007_0036_0040_0109.jpg 1 7 36 40 109
0408_0011_0058_0033_0091.jpg 1 11 58 33 91
0409_0014_0037_0033_0092.jpg 1 14 37 33 92
0410_0016_0073_0035_0097.jpg 1 16 73 35 97
0411_0017_0034_0040_0110.jpg 1 17 34 40 110
0412_0002_0055_0040_0110.jpg 1 2 55 40 110
0413_0009_0020_0040_0111.jpg 1 9 20 40 111
0414_0009_0032_0041_0113.jpg 1 9 32 41 113
0415_0006_0012_0033_0090.jpg 1 6 12 33 90
0416_0022_0022_0032_0088.jpg 1 22 22 32 88
0417_0010_0020_0036_0099.jpg 1 10 20 36 99
0418_0007_0045_0030_0083.jpg 1 7 45 30 83
0419_0003_0040_0039_0107.jpg 1 3 40 39 107
0420_0006_0032_0039_0108.jpg 1 6 32 39 108
0421_0002_0017_0036_0101.jpg 1 2 17 36 101
0422_0020_0031_0033_0091.jpg 1 20 31 33 91
0423_0021_0017_0032_0088.jpg 1 21 17 32 88
0424_0009_0044_0031_0086.jpg 1 9 44 31 86
0425_0021_0072_0035_0095.jpg 1 21 72 35 95
0426_0021_0021_0031_0085.jpg 1 21 21 31 85
0427_0008_0047_0033_0092.jpg 1 8 47 33 92
0428_0014_0050_0041_0114.jpg 1 14 50 41 114
0429_0012_0032_0040_0111.jpg 1 12 32 40 111
0430_0005_0058_0031_0085.jpg 1 5 58 31 85
0431_0002_0021_0035_0096.jpg 1 2 21 35 96
0432_0011_0051_0034_0093.jpg 1 11 51 34 93
0433_0021_0048_0030_0083.jpg 1 21 48 30 83
0434_0004_0078_0030_0083.jpg 1 4 78 30 83
0435_0009_0027_0034_0095.jpg 1 9 27 34 95
0436_0020_0043_0033_0090.jpg 1 20 43 33 90
0437_0010_0026_0031_0086.jpg 1 10 26 31 86
0438_0002_0066_0036_0099.jpg 1 2 66 36 99
0439_0005_0015_0035_0097.jpg 1 5 15 35 97
0440_0005_0046_0041_0113.jpg 1 5 46 41 113
0441_0004_0027_0041_0114.jpg 1 4 27 41 114
0442_0019_0017_0034_0095.jpg 1 19 17 34 95
0443_0023_0036_0032_0088.jpg 1 23 36 32 88
0444_0009_0013_0034_0095.jpg 1 9 13 34 95
0445_0002_0061_0037_0103.jpg 1 2 61 37 103
0446_0012_0027_0033_0092.jpg 1 12 27 33 92
0447_0007_0060_0036_0100.jpg 1 7 60 36 100
0448_0011_0051_0038_0104.jpg 1 11 51 38 104
0449_0010_0050_0034_0095.jpg 1 10 50 34 95
0450_0015_0013_0037_0102.jpg 1 15 13 37 102
0451_0023_0031_0030_0083.jpg 1 23 31 30 83
0452_0011_0021_0036_0099.jpg 1 11 21 36 99
0453_0008_0031_0036_0098.jpg 1 8 31 36 98
0454_0007_0055_0039_0108.jpg 1 7 55 39 108
0455_0002_0011_0040_0110.jpg 1 2 11 40 110
0456_0017_0058_0033_0091.jpg 1 17 58 33 91
0457_0005_0025_0035_0097.jpg 1 5 25 35 97
0458_0007_0007_0039_0106.jpg 1 7 7 39 106
0459_0011_0051_0035_0096.jpg 1 11 51 35 96
0460_0014_0012_0035_0096.jpg 1 14 12 35 96
0461_0008_0025_0036_0099.jpg 1 8 25 36 99
0462_0017_0054_0034_0093.jpg 1 17 54 34 93
0463_0014_0027_0035_0096.jpg 1 14 27 35 96
0464_0011_0047_0033_0092.jpg 1 11 47 33 92
0465_0011_0025_0032_0089.jpg 1 11 25 32 89
0466_0020_0053_0032_0088.jpg 1 20 53 32 88
0467_0022_0046_0030_0083.jpg 1 22 46 30 83
0468_0010_0034_0041_0113.jpg 1 10 34 41 113
0469_0012_0035_0030_0083.jpg 1 12 35 30 83
0470_0012_0046_0041_0113.jpg 1 12 46 41 113
0471_0005_0030_0033_0091.jpg 1 5 30 33 91
0472_0003_0010_0039_0108.jpg 1 3 10 39 108
0473_0013_0048_0033_0091.jpg 1 13 48 33 91
0474_0002_0025_0038_0105.jpg 1 2 25 38 105
0475_0020_0009_0035_0095.jpg 1 20 9 35 95
0476_0026_0054_0030_0082.jpg 1 26 54 30 82
0477_0011_0012_0038_0105.jpg 1 11 12 38 105
0478_0007_0012_0032_0088.jpg 1 7 12 32 88
0479_0020_0066_0035_0098.jpg 1 20 66 35 98
0480_0017_0037_0038_0105.jpg 1 17 37 38 105
0481_0005_0015_0040_0110.jpg 1 5 15 40 110
0482_0002_0030_0039_0108.jpg 1 2 30 39 108
0483_0010_0008_0038_0104.jpg 1 10 8 38 104
0484_0014_0060_0032_0088.jpg 1 14 60 32 88
0485_0014_0069_0037_0102.jpg 1 14 69 37 102
0486_0011_0022_0031_0086.jpg 1 11 22 31 86
0487_0012_0032_0038_0105.jpg 1 12 32 38 105
0488_0013_0012_0030_0083.jpg 1 13 12 30 83
0489_0016_0048_0033_0092.jpg 1 16 48 33 92
0490_0015_0013_0041_0114.jpg 1 15 13 41 114
0491_0011_0020_0035_0098.jpg 1 11 20 35 98
0492_0016_0047_0032_0088.jpg 1 16 47 32 88
0493_0017_0013_0037_0103.jpg 1 17 13 37 103
0494_0018_0041_0036_0099.jpg 1 18 41 36 99
0495_0003_0051_0032_0087.jpg 1 3 51 32 87
0496_0013_0072_0032_0089.jpg 1 13 72 32 89
0497_0002_0053_0040_0109.jpg 1 2 53 40 109
0498_0025_0074_0031_0086.jpg 1 25 74 31 86
0499_0003_0069_0033_0091.jpg 1 3 69 33 91
0500_0022_0037_0034_0094.jpg 1 22 37 34 94
0501_0003_0027_0035_0095.jpg 1 3 27 35 95
0502_0013_0029_0032_0087.jpg 1 13 29 32 87
0503_0021_0015_0035_0097.jpg 1 21 15 35 97
0504_0011_0027_0034_0095.jpg 1 11 27 34 95
0505_0006_0067_0037_0102.jpg 1 6 67 37 102
0506_0010_0016_0032_0089.jpg 1 10 16 32 89
0507_0013_0045_0032_0088.jpg 1 13 45 32 88
0508_0003_0062_0040_0109.jpg 1 3 62 40 109
0509_0013_0010_0040_0110.jpg 1 13 10 40 110
0510_0004_0075_0034_0094.jpg 1 4 75 34 94
0511_0013_0045_0033_0091.jpg 1 13 45 33 91
0512_0021_0011_0034_0093.jpg 1 21 11 34 93
0513_0020_0038_0036_0099.jpg 1 20 38 36 99
0514_0022_0050_0030_0083.jpg 1 22 50 30 83
0515_0018_0081_0030_0082.jpg 1 18 81 30 82
0516_0009_0050_0038_0105.jpg 1 9 50 38 105
0517_0007_0060_0041_0113.jpg 1 7 60 41 113
0518_0014_0027_0039_0107.jpg 1 14 27 39 107
0519_0020_0025_0033_0092.jpg 1 20 25 33 92
0520_0007_0069_0037_0101.jpg 1 7 69 37 101
0521_0007_0068_0035_0097.jpg 1 7 68 35 97
0522_0008_0047_0034_0094.jpg 1 8 47 34 94
0523_0006_0015_0031_0086.jpg 1 6 15 31 86
0524_0015_0047_0034_0093.jpg 1 15 47 34 93
0525_0022_0044_0031_0087.jpg 1 22 44 31 87
0526_0004_0049_0039_0107.jpg 1 4 49 39 107
0527_0012_0061_0034_0095.jpg 1 12 61 34 95
0528_0009_0010_0033_0091.jpg 1 9 10 33 91
0529_0005_0072_0033_0091.jpg 1 5 72 33 91
0530_0008_0046_0032_0088.jpg 1 8 46 32 88
0531_0004_0051_0035_0097.jpg 1 4 51 35 97
0532_0002_0059_0041_0112.jpg 1 2 59 41 112
0533_0019_0069_0036_0098.jpg 1 19 69 36 98
0534_0014_0079_0032_0089.jpg 1 14 79 32 89
0535_0026_0035_0030_0083.jpg 1 26 35 30 83
0536_0020_0061_0033_0091.jpg 1 20 61 33 91
0537_0005_0056_0030_0083.jpg 1 5 56 30 83
0538_0013_0021_0038_0104.jpg 1 13 21 38 104
0539_0005_0020_0033_0092.jpg 1 5 20 33 92
0540_0022_0011_0031_0087.jpg 1 22 11 31 87
0541_0004_0061_0039_0107.jpg 1 4 61 39 107
0542_0013_0007_0041_0113.jpg 1 13 7 41 113
0543_0014_0024_0040_0109.jpg 1 14 24 40 109
0544_0021_0015_0034_0093.jpg 1 21 15 34 93
0545_0007_0059_0038_0104.jpg 1 7 59 38 104
0546_0011_0058_0032_0089.jpg 1 11 58 32 89
0547_0018_0049_0038_0106.jpg 1 18 49 38 106
0548_0018_0013_0033_0090.jpg 1 18 13 33 90
0549_0011_0051_0039_0108.jpg 1 11 51 39 108
0550_0020_0038_0034_0093.jpg 1 20 38 34 93
0551_0021_0009_0035_0098.jpg 1 21 9 35 98
0552_0006_0010_0039_0107.jpg 1 6 10 39 107
0553_0013_0070_0032_0089.jpg 1 13 70 32 89
0554_0018_0030_0039_0107.jpg 1 18 30 39 107
0555_0017_0020_0033_0091.jpg 1 17 20 33 91
0556_0007_0045_0035_0095.jpg 1 7 45 35 95
0557_0018_0034_0032_0088.jpg 1 18 34 32 88
0558_0012_0043_0041_0113.jpg 1 12 43 41 113
0559_0003_0059_0032_0090.jpg 1 3 59 32 90
0560_0024_0048_0031_0086.jpg 1 24 48 31 86
0561_0004_0057_0037_0102.jpg 1 4 57 37 102
0562_0004_0009_0038_0104.jpg 1 4 9 38 104
0563_0009_0013_0036_0098.jpg 1 9 13 36 98
0564_0018_0053_0032_0088.jpg 1 18 53 32 88
0565_0014_0021_0032_0089.jpg 1 14 21 32 89
0566_0011_0056_0035_0097.jpg 1 11 56 35 97
0567_0008_0053_0040_0109.jpg 1 8 53 40 109
0568_0003_0052_0032_0087.jpg 1 3 52 32 87
0569_0008_0060_0039_0108.jpg 1 8 60 39 108
0570_0015_0015_0034_0094.jpg 1 15 15 34 94
0571_0011_0079_0031_0085.jpg 1 11 79 31 85
0572_0015_0022_0038_0105.jpg 1 15 22 38 105
0573_0013_0059_0036_0099.jpg 1 13 59 36 99
0574_0004_0032_0034_0093.jpg 1 4 32 34 93
0575_0022_0050_0033_0091.jpg 1 22 50 33 91
0576_0012_0024_0035_0095.jpg 1 12 24 35 95
0577_0014_0055_0039_0109.jpg 1 14 55 39 109
0578_0014_0047_0034_0094.jpg 1 14 47 34 94
0579_0018_0055_0036_0100.jpg 1 18 55 36 100
0580_0016_0020_0040_0111.jpg 1 16 20 40 111
0581_0008_0057_0037_0102.jpg 1 8 57 37 102
0582_0014_0024_0037_0103.jpg 1 14 24 37 103
0583_0006_0015_0041_0112.jpg 1 6 15 41 112
0584_0022_0020_0034_0094.jpg 1 22 20 34 94
0585_0019_0018_0035_0095.jpg 1 19 18 35 95
0586_0022_0021_0030_0082.jpg 1 22 21 30 82
0587_0012_0030_0039_0107.jpg 1 12 30 39 107
0588_0020_0043_0035_0095.jpg 1 20 43 35 95
0589_0012_0027_0040_0111.jpg 1 12 27 40 111
0590_0008_0039_0041_0114.jpg 1 8 39 41 114
0591_0020_0056_0034_0094.jpg 1 20 56 34 94
0592_0005_0063_0032_0089.jpg 1 5 63 32 89
0593_0005_0064_0036_0099.jpg 1 5 64 36 99
0594_0013_0031_0041_0113.jpg 1 13 31 41 113
0595_0013_0023_0036_0098.jpg 1 13 23 36 98
0596_0012_0041_0032_0087.jpg 1 12 41 32 87
0597_0011_0023_0030_0083.jpg 1 11 23 30 83
0598_0014_0057_0039_0107.jpg 1 14 57 39 107
0599_0018_0023_0033_0092.jpg 1 18 23 33 92
0600_0009_0011_0032_0089.jpg 1 9 11 32 89
0601_0004_0039_0035_0096.jpg 1 4 39 35 96
0602_0019_0073_0030_0083.jpg 1 19 73 30 83
0603_0017_0052_0030_0082.jpg 1 17 52 30 82
0604_0003_0044_0035_0096.jpg 1 3 44 35 96
0605_0005_0057_0034_0095.jpg 1 5 57 34 95
0606_0008_0079_0032_0088.jpg 1 8 79 32 88
0607_0004_0019_0040_0111.jpg 1 4 19 40 111
0608_0024_0046_0032_0089.jpg 1 24 46 32 89
0609_0017_0028_0032_0090.jpg 1 17 28 32 90
0610_0015_0045_0040_0111.jpg 1 15 45 40 111
0611_0004_0020_0035_0096.jpg 1 4 20 35 96
0612_0015_0047_0039_0107.jpg 1 15 47 39 107
0613_0006_0057_0030_0082.jpg 1 6 57 30 82
0614_0015_0011_0036_0098.jpg 1 15 11 36 98
0615_0004_0045_0030_0083.jpg 1 4 45 30 83
0616_0017_0083_0030_0083.jpg 1 17 83 30 83
0617_0009_0058_0038_0104.jpg 1 9 58 38 104
0618_0004_0042_0036_0101.jpg 1 4 42 36 101
0619_0018_0023_0039_0109.jpg 1 18 23 39 109
0620_0021_0075_0032_0087.jpg 1 21 75 32 87
0621_0023_0020_0031_0087.jpg 1 23 20 31 87
0622_0011_0054_0033_0090.jpg 1 11 54 33 90
0623_0026_0051_0030_0083.jpg 1 26 51 30 83
0624_0018_0011_0039_0107.jpg 1 18 11 39 107
0625_0022_0010_0035_0097.jpg 1 22 10 35 97
0626_0011_0018_0032_0089.jpg 1 11 18 32 89
0627_0004_0054_0039_0108.jpg 1 4 54 39 108
0628_0018_0036_0037_0103.jpg 1 18 36 37 103
0629_0002_0033_0035_0097.jpg 1 2 33 35 97
0630_0008_0017_0039_0106.jpg 1 8 17 39 106
0631_0011_0029_0036_0100.jpg 1 11 29 36 100
0632_0013_0056_0041_0113.jpg 1 13 56 41 113
0633_0011_0054_0036_0100.jpg 1 11 54 36 100
0634_0003_0037_0035_0095.jpg 1 3 37 35 95
0635_0021_0070_0033_0092.jpg 1 21 70 33 92
0636_0018_0060_0034_0093.jpg 1 18 60 34 93
0637_0014_0009_0038_0105.jpg 1 14 9 38 105
0638_0017_0024_0031_0085.jpg 1 17 24 31 85
0639_0006_0063_0034_0093.jpg 1 6 63 34 93
0640_0011_0040_0030_0084.jpg 1 11 40 30 84
0641_0009_0030_0038_0106.jpg 1 9 30 38 106
0642_0009_0049_0038_0104.jpg 1 9 49 38 104
0643_0008_0018_0040_0111.jpg 1 8 18 40 111
0644_0008_0007_0041_0114.jpg 1 8 7 41 114
0645_0006_0057_0036_0098.jpg 1 6 57 36 98
0646_0012_0027_0039_0106.jpg 1 12 27 39 106
0647_0020_0030_0033_0090.jpg 1 20 30 33 90
0648_0019_0062_0036_0099.jpg 1 19 62 36 99
0649_0008_0018_0033_0092.jpg 1 8 18 33 92
0650_0002_0035_0036_0100.jpg 1 2 35 36 100
0651_0007_0035_0038_0105.jpg 1 7 35 38 105
0652_0010_0039_0039_0108.jpg 1 10 39 39 108
0653_0019_0022_0035_0098.jpg 1 19 22 35 98
0654_0010_0053_0034_0095.jpg 1 10 53 34 95
0655_0013_0041_0037_0102.jpg 1 13 41 37 102
0656_0019_0061_0035_0097.jpg 1 19 61 35 97
0657_0011_0015_0034_0095.jpg 1 11 15 34 95
0658_0010_0064_0030_0083.jpg 1 10 64 30 83
0659_0008_0030_0040_0109.jpg 1 8 30 40 109
0660_0017_0061_0035_0097.jpg 1 17 61 35 97
0661_0009_0074_0035_0097.jpg 1 9 74 35 97
0662_0014_0053_0041_0113.jpg 1 14 53 41 113
0663_0022_0049_0032_0089.jpg 1 22 49 32 89
0664_0019_0008_0037_0102.jpg 1 19 8 37 102
0665_0009_0041_0041_0112.jpg 1 9 41 41 112
0666_0005_0020_0031_0085.jpg 1 5 20 31 85
0667_0013_0036_0033_0091.jpg 1 13 36 33 91
0668_0011_0056_0030_0084.jpg 1 11 56 30 84
0669_0003_0027_0040_0109.jpg 1 3 27 40 109
0670_0020_0017_0034_0094.jpg 1 20 17 34 94
0671_0007_0015_0041_0113.jpg 1 7 15 41 113
0672_0006_0076_0034_0094.jpg 1 6 76 34 94
0673_0002_0052_0039_0106.jpg 1 2 52 39 106
0674_0005_0054_0036_0098.jpg 1 5 54 36 98
0675_0008_0078_0032_0088.jpg 1 8 78 32 88
0676_0020_0035_0037_0101.jpg 1 20 35 37 101
0677_0018_0029_0039_0109.jpg 1 18 29 39 109
0678_0011_0053_0039_0107.jpg 1 11 53 39 107
0679_0012_0066_0030_0083.jpg 1 12 66 30 83
0680_0005_0025_0036_0098.jpg 1 5 25 36 98
0681_0014_0060_0037_0101.jpg 1 14 60 37 101
0682_0022_0023_0033_0092.jpg 1 22 23 33 92
0683_0019_0043_0034_0095.jpg 1 19 43 34 95
0684_0015_0025_0040_0110.jpg 1 15 25 40 110
0685_0005_0022_0041_0112.jpg 1 5 22 41 112
0686_0012_0066_0035_0096.jpg 1 12 66 35 96
0687_0002_0029_0039_0107.jpg 1 2 29 39 107
0688_0016_0049_0039_0108.jpg 1 16 49 39 108
0689_0022_0066_0035_0096.jpg 1 22 66 35 96
0690_0016_0058_0037_0102.jpg 1 16 58 37 102
0691_0005_0064_0030_0082.jpg 1 5 64 30 82
0692_0007_0020_0038_0105.jpg 1 7 20 38 105
0693_0015_0022_0041_0112.jpg 1 15 22 41 112
0694_0017_0058_0040_0110.jpg 1 17 58 40 110
0695_0015_0046_0030_0083.jpg 1 15 46 30 83
0696_0015_0018_0039_0107.jpg 1 15 18 39 107
0697_0015_0011_0038_0106.jpg 1 15 11 38 106
0698_0017_0007_0039_0107.jpg 1 17 7 39 107
0699_0020_0015_0035_0098.jpg 1 20 15 35 98
0700_0018_0070_0037_0101.jpg 1 18 70 37 101
0701_0020_0023_0030_0082.jpg 1 20 23 30 82
0702_0010_0011_0039_0107.jpg 1 10 11 39 107
0703_0015_0068_0033_0091.jpg 1 15 68 33 91
0704_0014_0024_0037_0101.jpg 1 14 24 37 101
0705_0009_0022_0035_0097.jpg 1 9 22 35 97
0706_0002_0030_0041_0114.jpg 1 2 30 41 114
0707_0012_0024_0039_0108.jpg 1 12 24 39 108
0708_0003_0034_0039_0108.jpg 1 3 34 39 108
0709_0016_0032_0039_0109.jpg 1 16 32 39 109
0710_0009_0037_0034_0093.jpg 1 9 37 34 93
0711_0022_0062_0030_0083.jpg 1 22 62 30 83
0712_0025_0051_0030_0082.jpg 1 25 51 30 82
0713_0006_0040_0041_0114.jpg 1 6 40 41 114
0714_0021_0010_0033_0090.jpg 1 21 10 33 90
0715_0020_0071_0030_0083.jpg 1 20 71 30 83
0716_0023_0010_0030_0082.jpg 1 23 10 30 82
0717_0019_0070_0033_0092.jpg 1 19 70 33 92
0718_0015_0068_0034_0093.jpg 1 15 68 34 93
0719_0018_0009_0035_0096.jpg 1 18 9 35 96
0720_0006_0041_0033_0091.jpg 1 6 41 33 91
0721_0011_0043_0036_0099.jpg 1 11 43 36 99
0722_0013_0029_0039_0107.jpg 1 13 29 39 107
0723_0009_0044_0031_0086.jpg 1 9 44 31 86
0724_0002_0053_0041_0112.jpg 1 2 53 41 112
0725_0006_0057_0031_0085.jpg 1 6 57 31 85
0726_0012_0013_0036_0099.jpg 1 12 13 36 99
0727_0016_0020_0035_0096.jpg 1 16 20 35 96
0728_0009_0067_0031_0086.jpg 1 9 67 31 86
0729_0008_0022_0037_0103.jpg 1 8 22 37 103
0730_0003_0054_0032_0088.jpg 1 3 54 32 88
0731_0010_0024_0035_0096.jpg 1 10 24 35 96
0732_0004_0068_0034_0093.jpg 1 4 68 34 93
0733_0011_0063_0037_0101.jpg 1 11 63 37 101
0734_0005_0073_0035_0096.jpg 1 5 73 35 96
0735_0003_0038_0038_0106.jpg 1 3 38 38 106
0736_0019_0034_0030_0082.jpg 1 19 34 30 82
0737_0022_0043_0034_0095.jpg 1 22 43 34 95
0738_0021_0060_0030_0084.jpg 1 21 60 30 84
0739_0006_0061_0039_0107.jpg 1 6 61 39 107
0740_0018_0059_0035_0098.jpg 1 18 59 35 98
0741_0009_0017_0037_0102.jpg 1 9 17 37 102
0742_0011_0059_0032_0089.jpg 1 11 59 32 89
0743_0004_0026_0040_0109.jpg 1 4 26 40 109
0744_0021_0014_0030_0082.jpg 1 21 14 30 82
0745_0012_0055_0036_0100.jpg 1 12 55 36 100
0746_0008_0042_0037_0101.jpg 1 8 42 37 101
0747_0006_0053_0037_0103.jpg 1 6 53 37 103
0748_0004_0039_0031_0087.jpg 1 4 39 31 87
0749_0019_0044_0038_0106.jpg 1 19 44 38 106
0750_0004_0072_0036_0098.jpg 1 4 72 36 98
0751_0018_0073_0030_0082.jpg 1 18 73 30 82
0752_0007_0020_0031_0086.jpg 1 7 20 31 86
0753_0016_0077_0032_0089.jpg 1 16 77 32 89
0754_0007_0023_0033_0091.jpg 1 7 23 33 91
0755_0008_0044_0039_0106.jpg 1 8 44 39 106
0756_0015_0023_0031_0087.jpg 1 15 23 31 87
0757_0009_0044_0041_0112.jpg 1 9 44 41 112
0758_0012_0081_0030_0083.jpg 1 12 81 30 83
0759_0009_0032_0038_0104.jpg 1 9 32 38 104
0760_0017_0036_0039_0106.jpg 1 17 36 39 106
0761_0022_0049_0034_0094.jpg 1 22 49 34 94
0762_0017_0035_0035_0098.jpg 1 17 35 35 98
0763_0017_0061_0037_0102.jpg 1 17 61 37 102
0764_0017_0008_0037_0101.jpg 1 17 8 37 101
0765_0015_0061_0033_0091.jpg 1 15 61 33 91
0766_0019_0066_0030_0084.jpg 1 19 66 30 84
0767_0002_0043_0036_0100.jpg 1 2 43 36 100
0768_0014_0025_0034_0094.jpg 1 14 25 34 94
0769_0003_0058_0035_0097.jpg 1 3 58 35 97
0770_0016_0010_0041_0114.jpg 1 16 10 41 114
0771_0007_0059_0041_0112.jpg 1 7 59 41 112
0772_0021_0015_0030_0083.jpg 1 21 15 30 83
0773_0016_0026_0041_0112.jpg 1 16 26 41 112
0774_0003_0029_0039_0108.jpg 1 3 29 39 108
0775_0007_0058_0034_0093.jpg 1 7 58 34 93
0776_0019_0056_0033_0091.jpg 1 19 56 33 91
0777_0002_0023_0038_0104.jpg 1 2 23 38 104
0778_0015_0023_0036_0099.jpg 1 15 23 36 99
0779_0008_0031_0032_0090.jpg 1 8 31 32 90
0780_0022_0056_0030_0082.jpg 1 22 56 30 82
0781_0014_0007_0041_0112.jpg 1 14 7 41 112
0782_0022_0063_0031_0085.jpg 1 22 63 31 85
0783_0021_0054_0034_0094.jpg 1 21 54 34 94
0784_0014_0065_0038_0106.jpg 1 14 65 38 106
0785_0004_0018_0037_0101.jpg 1 4 18 37 101
0786_0014_0012_0038_0106.jpg 1 14 12 38 106
0787_0009_0065_0030_0082.jpg 1 9 65 30 82
0788_0017_0062_0039_0108.jpg 1 17 62 39 108
0789_0007_0021_0040_0111.jpg 1 7 21 40 111
0790_0016_0048_0030_0082.jpg 1 16 48 30 82
0791_0005_0020_0034_0095.jpg 1 5 20 34 95
0792_0005_0059_0039_0107.jpg 1 5 59 39 107
0793_0024_0061_0031_0086.jpg 1 24 61 31 86
0794_0021_0052_0035_0097.jpg 1 21 52 35 97
0795_0023_0048_0031_0086.jpg 1 23 48 31 86
0796_0007_0012_0041_0113.jpg 1 7 12 41 113
0797_0006_0028_0041_0113.jpg 1 6 28 41 113
0798_0016_0032_0039_0107.jpg 1 16 32 39 107
0799_0015_0059_0041_0113.jpg 1 15 59 41 113
0800_0007_0014_0037_0101.jpg 1 7 14 37 101
0801_0013_0042_0032_0087.jpg 1 13 42 32 87
0802_0015_0034_0030_0083.jpg 1 15 34 30 83
0803_0009_0049_0037_0101.jpg 1 9 49 37 101
0804_0005_0040_0040_0110.jpg 1 5 40 40 110
0805_0018_0029_0034_0095.jpg 1 18 29 34 95
0806_0011_0008_0036_0100.jpg 1 11 8 36 100
0807_0021_0072_0030_0082.jpg 1 21 72 30 82
0808_0016_0055_0041_0112.jpg 1 16 55 41 112
0809_0015_0063_0031_0085.jpg 1 15 63 31 85
0810_0005_0056_0036_0098.jpg 1 5 56 36 98
0811_0005_0082_0032_0087.jpg 1 5 82 32 87
0812_0024_0071_0031_0086.jpg 1 24 71 31 86
0813_0006_0007_0038_0105.jpg 1 6 7 38 105
0814_0002_0027_0040_0111.jpg 1 2 27 40 111
0815_0006_0040_0035_0097.jpg 1 6 40 35 97
0816_0005_0035_0035_0095.jpg 1 5 35 35 95
0817_0005_0061_0037_0102.jpg 1 5 61 37 102
0818_0016_0052_0038_0106.jpg 1 16 52 38 106
0819_0008_0010_0040_0111.jpg 1 8 10 40 111
0820_0014_0042_0038_0105.jpg 1 14 42 38 105
0821_0002_0024_0041_0113.jpg 1 2 24 41 113
0822_0010_0038_0040_0110.jpg 1 10 38 40 110
0823_0003_0048_0039_0107.jpg 1 3 48 39 107
0824_0009_0029_0039_0107.jpg 1 9 29 39 107
0825_0004_0068_0030_0082.jpg 1 4 68 30 82
0826_0005_0057_0034_0093.jpg 1 5 57 34 93
0827_0015_0062_0030_0083.jpg 1 15 62 30 83
0828_0016_0049_0041_0113.jpg 1 16 49 41 113
0829_0011_0042_0041_0112.jpg 1 11 42 41 112
0830_0016_0044_0038_0106.jpg 1 16 44 38 106
0831_0004_0007_0041_0114.jpg 1 4 7 41 114
0832_0011_0051_0040_0109.jpg 1 11 51 40 109
0833_0004_0011_0033_0091.jpg 1 4 11 33 91
0834_0019_0039_0035_0098.jpg 1 19 39 35 98
0835_0018_0025_0032_0088.jpg 1 18 25 32 88
0836_0017_0028_0040_0111.jpg 1 17 28 40 111
0837_0010_0050_0035_0097.jpg 1 10 50 35 97
0838_0022_0063_0033_0092.jpg 1 22 63 33 92
0839_0015_0035_0040_0110.jpg 1 15 35 40 110
0840_0021_0025_0032_0087.jpg 1 21 25 32 87
0841_0012_0054_0041_0113.jpg 1 12 54 41 113
0842_0004_0054_0041_0112.jpg 1 4 54 41 112
0843_0006_0062_0037_0102.jpg 1 6 62 37 102
0844_0025_0033_0031_0085.jpg 1 25 33 31 85
0845_0014_0033_0032_0088.jpg 1 14 33 32 88
0846_0015_0041_0041_0114.jpg 1 15 41 41 114
0847_0013_0026_0038_0106.jpg 1 13 26 38 106
0848_0008_0057_0040_0109.jpg 1 8 57 40 109
0849_0016_0054_0041_0114.jpg 1 16 54 41 114
0850_0005_0072_0036_0098.jpg 1 5 72 36 98
0851_0010_0050_0039_0108.jpg 1 10 50 39 108
0852_0005_0009_0033_0090.jpg 1 5 9 33 90
0853_0017_0069_0037_0101.jpg 1 17 69 37 101
0854_0011_0065_0038_0105.jpg 1 11 65 38 105
0855_0009_0021_0041_0114.jpg 1 9 21 41 114
0856_0021_0077_0032_0089.jpg 1 21 77 32 89
0857_0016_0043_0032_0088.jpg 1 16 43 32 88
0858_0005_0054_0030_0084.jpg 1 5 54 30 84
0859_0005_0031_0031_0086.jpg 1 5 31 31 86
0860_0004_0023_0041_0114.jpg 1 4 23 41 114
0861_0008_0020_0038_0105.jpg 1 8 20 38 105
0862_0010_0059_0032_0089.jpg 1 10 59 32 89
0863_0014_0028_0037_0102.jpg 1 14 28 37 102
0864_0008_0077_0030_0082.jpg 1 8 77 30 82
0865_0018_0027_0035_0096.jpg 1 18 27 35 96
0866_0004_0049_0035_0098.jpg 1 4 49 35 98
0867_0012_0009_0038_0105.jpg 1 12 9 38 105
0868_0011_0053_0041_0112.jpg 1 11 53 41 112
0869_0007_0015_0034_0093.jpg 1 7 15 34 93
0870_0010_0044_0030_0083.jpg 1 10 44 30 83
0871_0006_0048_0039_0107.jpg 1 6 48 39 107
0872_0002_0062_0036_0099.jpg 1 2 62 36 99
0873_0004_0016_0041_0114.jpg 1 4 16 41 114
0874_0012_0031_0037_0103.jpg 1 12 31 37 103
0875_0015_0061_0038_0106.jpg 1 15 61 38 106
0876_0004_0025_0040_0111.jpg 1 4 25 40 111
0877_0017_0037_0031_0085.jpg 1 17 37 31 85
0878_0022_0032_0032_0090.jpg 1 22 32 32 90
0879_0011_0049_0040_0109.jpg 1 11 49 40 109
0880_0008_0054_0041_0113.jpg 1 8 54 41 113
0881_0015_0033_0040_0112.jpg 1 15 33 40 112
0882_0014_0057_0030_0082.jpg 1 14 57 30 82
0883_0003_0072_0030_0082.jpg 1 3 72 30 82
0884_0005_0031_0036_0100.jpg 1 5 31 36 100
0885_0020_0044_0035_0095.jpg 1 20 44 35 95
0886_0017_0023_0030_0082.jpg 1 17 23 30 82
0887_0006_0043_0035_0096.jpg 1 6 43 35 96
0888_0002_0011_0037_0103.jpg 1 2 11 37 103
0889_0015_0055_0037_0103.jpg 1 15 55 37 103
0890_0003_0052_0031_0086.jpg 1 3 52 31 86
0891_0011_0029_0036_0100.jpg 1 11 29 36 100
0892_0015_0020_0041_0113.jpg 1 15 20 41 113
0893_0013_0036_0041_0114.jpg 1 13 36 41 114
0894_0012_0057_0036_0098.jpg 1 12 57 36 98
0895_0014_0054_0036_0100.jpg 1 14 54 36 100
0896_0011_0016_0036_0099.jpg 1 11 16 36 99
0897_0004_0023_0039_0107.jpg 1 4 23 39 107
0898_0005_0060_0036_0099.jpg 1 5 60 36 99
0899_0017_0046_0039_0107.jpg 1 17 46 39 107
0900_0024_0070_0032_0089.jpg 1 24 70 32 89
0901_0017_0043_0037_0103.jpg 1 17 43 37 103
0902_0018_0027_0031_0084.jpg 1 18 27 31 84
0903_0009_0008_0037_0102.jpg 1 9 8 37 102
0904_0014_0053_0040_0110.jpg 1 14 53 40 110
0905_0008_0034_0032_0090.jpg 1 8 34 32 90
0906_0014_0034_0040_0111.jpg 1 14 34 40 111
0907_0025_0018_0031_0086.jpg 1 25 18 31 86
0908_0006_0050_0031_0087.jpg 1 6 50 31 87
0909_0011_0019_0039_0108.jpg 1 11 19 39 108
0910_0005_0029_0040_0110.jpg 1 5 29 40 110
0911_0004_0040_0037_0103.jpg 1 4 40 37 103
0912_0016_0035_0036_0099.jpg 1 16 35 36 99
0913_0016_0043_0039_0108.jpg 1 16 43 39 108
0914_0009_0061_0039_0108.jpg 1 9 61 39 108
0915_0009_0041_0033_0090.jpg 1 9 41 33 90
0916_0022_0069_0033_0092.jpg 1 22 69 33 92
0917_0011_0027_0039_0107.jpg 1 11 27 39 107
0918_0012_0046_0038_0104.jpg 1 12 46 38 104
0919_0005_0020_0035_0098.jpg 1 5 20 35 98
0920_0011_0029_0035_0096.jpg 1 11 29 35 96
0921_0014_0024_0031_0084.jpg 1 14 24 31 84
0922_0005_0009_0039_0107.jpg 1 5 9 39 107
0923_0013_0039_0041_0113.jpg 1 13 39 41 113
0924_0014_0010_0030_0084.jpg 1 14 10 30 84
0925_0006_0056_0030_0082.jpg 1 6 56 30 82
0926_0016_0069_0032_0089.jpg 1 16 69 32 89
0927_0018_0039_0031_0087.jpg 1 18 39 31 87
0928_0017_0025_0037_0103.jpg 1 17 25 37 103
0929_0014_0023_0041_0112.jpg 1 14 23 41 112
0930_0003_0054_0039_0108.jpg 1 3 54 39 108
0931_0003_0025_0041_0113.jpg 1 3 25 41 113
0932_0002_0038_0034_0095.jpg 1 2 38 34 95
0933_0009_0018_0038_0104.jpg 1 9 18 38 104
0934_0017_0052_0034_0092.jpg 1 17 52 34 92
0935_0011_0064_0037_0103.jpg 1 11 64 37 103
0936_0026_0013_0030_0082.jpg 1 26 13 30 82
0937_0004_0068_0032_0088.jpg 1 4 68 32 88
0938_0019_0064_0038_0106.jpg 1 19 64 38 106
0939_0016_0041_0033_0090.jpg 1 16 41 33 90
0940_0010_0046_0040_0110.jpg 1 10 46 40 110
0941_0009_0060_0034_0093.jpg 1 9 60 34 93
0942_0010_0026_0037_0102.jpg 1 10 26 37 102
0943_0011_0022_0038_0104.jpg 1 11 22 38 104
0944_0010_0014_0039_0108.jpg 1 10 14 39 108
0945_0014_0074_0035_0096.jpg 1 14 74 35 96
0946_0015_0031_0040_0112.jpg 1 15 31 40 112
0947_0016_0072_0030_0083.jpg 1 16 72 30 83
0948_0018_0042_0032_0090.jpg 1 18 42 32 90
0949_0017_0033_0034_0094.jpg 1 17 33 34 94
0950_0025_0027_0032_0090.jpg 1 25 27 32 90
0951_0005_0041_0041_0114.jpg 1 5 41 41 114
0952_0003_0060_0034_0092.jpg 1 3 60 34 92
0953_0019_0051_0035_0097.jpg 1 19 51 35 97
0954_0009_0070_0035_0096.jpg 1 9 70 35 96
0955_0012_0025_0033_0090.jpg 1 12 25 33 90
0956_0018_0009_0036_0100.jpg 1 18 9 36 100
0957_0011_0018_0034_0094.jpg 1 11 18 34 94
0958_0008_0038_0030_0084.jpg 1 8 38 30 84
0959_0018_0068_0036_0099.jpg 1 18 68 36 99
0960_0008_0074_0032_0088.jpg 1 8 74 32 88
0961_0005_0046_0037_0102.jpg 1 5 46 37 102
0962_0004_0058_0038_0105.jpg 1 4 58 38 105
0963_0010_0043_0041_0112.jpg 1 10 43 41 112
0964_0005_0044_0040_0111.jpg 1 5 44 40 111
0965_0016_0056_0034_0095.jpg 1 16 56 34 95
0966_0005_0061_0031_0086.jpg 1 5 61 31 86
0967_0006_0059_0041_0113.jpg 1 6 59 41 113
0968_0006_0024_0038_0105.jpg 1 6 24 38 105
0969_0009_0027_0036_0100.jpg 1 9 27 36 100
0970_0010_0025_0038_0104.jpg 1 10 25 38 104
0971_0003_0032_0031_0087.jpg 1 3 32 31 87
0972_0018_0037_0038_0104.jpg 1 18 37 38 104
0973_0015_0045_0034_0095.jpg 1 15 45 34 95
0974_0018_0057_0030_0082.jpg 1 18 57 30 82
0975_0002_0008_0040_0110.jpg 1 2 8 40 110
0976_0002_0014_0041_0113.jpg 1 2 14 41 113
0977_0024_0040_0032_0090.jpg 1 24 40 32 90
0978_0013_0041_0041_0113.jpg 1 13 41 41 113
0979_0013_0007_0040_0111.jpg 1 13 7 40 111
0980_0017_0030_0031_0087.jpg 1 17 30 31 87
0981_0012_0019_0034_0094.jpg 1 12 19 34 94
0982_0005_0047_0032_0089.jpg 1 5 47 32 89
0983_0005_0026_0037_0103.jpg 1 5 26 37 103
0984_0004_0052_0040_0110.jpg 1 4 52 40 110
0985_0015_0043_0039_0107.jpg 1 15 43 39 107
0986_0010_0050_0035_0097.jpg 1 10 50 35 97
0987_0003_0025_0038_0104.jpg 1 3 25 38 104
0988_0014_0044_0041_0113.jpg 1 14 44 41 113
0989_0016_0030_0041_0113.jpg 1 16 30 41 113
0990_0006_0063_0037_0102.jpg 1 6 63 37 102
0991_0015_0013_0034_0093.jpg 1 15 13 34 93
0992_0019_0039_0038_0104.jpg 1 19 39 38 104
0993_0003_0044_0041_0114.jpg 1 3 44 41 114
0994_0015_0065_0033_0091.jpg 1 15 65 33 91
0995_0023_0028_0031_0086.jpg 1 23 28 31 86
0996_0003_0068_0037_0103.jpg 1 3 68 37 103
0997_0015_0062_0040_0109.jpg 1 15 62 40 109
0998_0009_0034_0037_0101.jpg 1 9 34 37 101
0999_0012_0037_0037_0102.jpg 1 12 37 37 102
1000_0011_0067_0037_0103.jpg 1 11 67 37 103
1001_0014_0053_0032_0089.jpg 1 14 53 32 89
1002_0016_0055_0041_0112.jpg 1 16 55 41 112
1003_0014_0040_0031_0086.jpg 1 14 40 31 86
1004_0008_0018_0032_0087.jpg 1 8 18 32 87
1005_0013_0044_0034_0094.jpg 1 13 44 34 94
1006_0006_0023_0039_0108.jpg 1 6 23 39 108
1007_0019_0027_0034_0093.jpg 1 19 27 34 93
1008_0003_0019_0031_0086.jpg 1 3 19 31 86
1009_0006_0047_0031_0087.jpg 1 6 47 31 87
1010_0008_0034_0040_0111.jpg 1 8 34 40 111
1011_0011_0049_0041_0113.jpg 1 11 49 41 113
1012_0019_0014_0036_0100.jpg 1 19 14 36 100
1013_0011_0024_0037_0103.jpg 1 11 24 37 103
1014_0021_0078_0032_0089.jpg 1 21 78 32 89
1015_0010_0033_0040_0110.jpg 1 10 33 40 110
1016_0005_0016_0033_0090.jpg 1 5 16 33 90
1017_0015_0024_0033_0091.jpg 1 15 24 33 91
1018_0003_0020_0036_0098.jpg 1 3 20 36 98
1019_0012_0024_0036_0101.jpg 1 12 24 36 101
1020_0018_0027_0031_0085.jpg 1 18 27 31 85
1021_0010_0060_0035_0096.jpg 1 10 60 35 96
1022_0008_0010_0033_0091.jpg 1 8 10 33 91
1023_0015_0051_0035_0095.jpg 1 15 51 35 95
1024_0021_0069_0032_0089.jpg 1 21 69 32 89
1025_0013_0058_0037_0102.jpg 1 13 58 37 102
1026_0004_0070_0030_0084.jpg 1 4 70 30 84
1027_0014_0060_0035_0097.jpg 1 14 60 35 97
1028_0007_0035_0032_0089.jpg 1 7 35 32 89
1029_0016_0047_0035_0098.jpg 1 16 47 35 98
1030_0016_0061_0039_0107.jpg 1 16 61 39 107
1031_0016_0021_0041_0113.jpg 1 16 21 41 113
1032_0007_0077_0032_0088.jpg 1 7 77 32 88
1033_0013_0071_0030_0082.jpg 1 13 71 30 82
1034_0003_0040_0041_0112.jpg 1 3 40 41 112
1035_0011_0061_0031_0086.jpg 1 11 61 31 86
1036_0005_0033_0035_0097.jpg 1 5 33 35 97
1037_0011_0069_0036_0101.jpg 1 11 69 36 101
1038_0010_0038_0033_0091.jpg 1 10 38 33 91
1039_0014_0054_0041_0114.jpg 1 14 54 41 114
1040_0013_0047_0035_0097.jpg 1 13 47 35 97
